<?xml version="1.0" encoding="UTF-8"?>
<!-- Generated by org.testng.reporters.JUnitReportReporter -->
<testsuite skipped="0" hostname="SHERINE_MARTINA" name="testcase.login" tests="1" failures="0" timestamp="2024-05-07T13:27:23 IST" time="11.053" errors="0">
  <testcase name="loginInfo" time="11.053" classname="testcase.login"/>
</testsuite> <!-- testcase.login -->
